2022.06.21 14:30:34 INFO  tracing is disabled for protocol LSP, to enable tracing of incoming and outgoing JSON messages create an empty file at /home/kwpark/TSN_LAB/my_chisel_template/src/.metals/lsp.trace.json or /home/kwpark/.cache/metals/lsp.trace.json[0m
2022.06.21 14:30:34 INFO  logging to file /home/kwpark/TSN_LAB/my_chisel_template/src/.metals/metals.log[0m
2022.06.21 14:30:34 INFO  Started: Metals version 0.11.6 in workspace '/home/kwpark/TSN_LAB/my_chisel_template/src' for client Visual Studio Code 1.68.0.[0m
2022.06.21 14:30:35 INFO  time: initialize in 0.56s[0m
2022.06.21 14:30:35 WARN  Flyway upgrade recommended: H2 2.1.212 is newer than this version of Flyway and support has not been tested. The latest supported version of H2 is 2.1.210.[0m
2022.06.21 14:30:35 WARN  Build server is not auto-connectable.[0m
2022.06.21 14:30:35 WARN  no build tool detected in workspace '/home/kwpark/TSN_LAB/my_chisel_template/src'. The most common cause for this problem is that the editor was opened in the wrong working directory, for example if you use sbt then the workspace directory should contain build.sbt. [0m
2022.06.21 14:30:36 WARN  no build target for: /home/kwpark/TSN_LAB/my_chisel_template/src/test/scala/hellotest.scala[0m
2022.06.21 14:30:37 INFO  no build target found for /home/kwpark/TSN_LAB/my_chisel_template/src/test/scala/hellotest.scala. Using presentation compiler with project's scala-library version: 3.1.2[0m
2022.06.21 14:30:38 INFO  time: code lens generation in 2.38s[0m
2022.06.21 14:30:43 WARN  no build target for: /home/kwpark/TSN_LAB/my_chisel_template/src/countertest.scala[0m
2022.06.21 14:30:50 WARN  no build target for: /home/kwpark/TSN_LAB/my_chisel_template/src/test/scala/countertest.scala[0m
2022.06.21 14:31:38 WARN  no build target for: /home/kwpark/TSN_LAB/my_chisel_template/src/test/scala/countertest.scala[0m
2022.06.21 14:33:17 WARN  no build target for: /home/kwpark/TSN_LAB/my_chisel_template/src/main/scala/Counter/Counter.scala[0m
2022.06.21 15:12:05 WARN  no build target for: /home/kwpark/TSN_LAB/my_chisel_template/src/main/scala/Counter/Counter.scala[0m
2022.06.21 15:53:58 INFO  shutting down Metals[0m
2022.06.21 16:18:52 INFO  tracing is disabled for protocol LSP, to enable tracing of incoming and outgoing JSON messages create an empty file at /home/kwpark/TSN_LAB/my_chisel_template/src/.metals/lsp.trace.json or /home/kwpark/.cache/metals/lsp.trace.json[0m
2022.06.21 16:18:53 INFO  logging to file /home/kwpark/TSN_LAB/my_chisel_template/src/.metals/metals.log[0m
2022.06.21 16:18:53 INFO  Started: Metals version 0.11.6 in workspace '/home/kwpark/TSN_LAB/my_chisel_template/src' for client Visual Studio Code 1.68.1.[0m
2022.06.21 16:18:53 INFO  time: initialize in 0.57s[0m
2022.06.21 16:18:53 WARN  Flyway upgrade recommended: H2 2.1.212 is newer than this version of Flyway and support has not been tested. The latest supported version of H2 is 2.1.210.[0m
2022.06.21 16:18:53 WARN  Build server is not auto-connectable.[0m
2022.06.21 16:18:53 WARN  no build tool detected in workspace '/home/kwpark/TSN_LAB/my_chisel_template/src'. The most common cause for this problem is that the editor was opened in the wrong working directory, for example if you use sbt then the workspace directory should contain build.sbt. [0m
2022.06.21 16:18:54 WARN  no build target for: /home/kwpark/TSN_LAB/my_chisel_template/src/main/scala/FIFO/BubbleFifo.scala[0m
2022.06.21 16:18:55 INFO  no build target found for /home/kwpark/TSN_LAB/my_chisel_template/src/main/scala/FIFO/BubbleFifo.scala. Using presentation compiler with project's scala-library version: 3.1.2[0m
2022.06.21 16:18:57 INFO  time: code lens generation in 2.17s[0m
Jun 21, 2022 4:20:06 PM org.eclipse.lsp4j.jsonrpc.RemoteEndpoint fallbackResponseError
SEVERE: Internal error: java.lang.reflect.InvocationTargetException
java.lang.RuntimeException: java.lang.reflect.InvocationTargetException
	at org.eclipse.lsp4j.jsonrpc.services.GenericEndpoint.lambda$null$0(GenericEndpoint.java:67)
	at org.eclipse.lsp4j.jsonrpc.services.GenericEndpoint.request(GenericEndpoint.java:120)
	at org.eclipse.lsp4j.jsonrpc.RemoteEndpoint.handleRequest(RemoteEndpoint.java:261)
	at org.eclipse.lsp4j.jsonrpc.RemoteEndpoint.consume(RemoteEndpoint.java:190)
	at org.eclipse.lsp4j.jsonrpc.json.StreamMessageProducer.handleMessage(StreamMessageProducer.java:194)
	at org.eclipse.lsp4j.jsonrpc.json.StreamMessageProducer.listen(StreamMessageProducer.java:94)
	at org.eclipse.lsp4j.jsonrpc.json.ConcurrentMessageProcessor.run(ConcurrentMessageProcessor.java:113)
	at java.util.concurrent.Executors$RunnableAdapter.call(Executors.java:511)
	at java.util.concurrent.FutureTask.run(FutureTask.java:266)
	at java.util.concurrent.ThreadPoolExecutor.runWorker(ThreadPoolExecutor.java:1149)
	at java.util.concurrent.ThreadPoolExecutor$Worker.run(ThreadPoolExecutor.java:624)
	at java.lang.Thread.run(Thread.java:748)
Caused by: java.lang.reflect.InvocationTargetException
	at sun.reflect.GeneratedMethodAccessor3.invoke(Unknown Source)
	at sun.reflect.DelegatingMethodAccessorImpl.invoke(DelegatingMethodAccessorImpl.java:43)
	at java.lang.reflect.Method.invoke(Method.java:498)
	at org.eclipse.lsp4j.jsonrpc.services.GenericEndpoint.lambda$null$0(GenericEndpoint.java:65)
	... 11 more
Caused by: java.lang.IllegalArgumentException: 91 is not a valid line number, allowed [0..90]
	at scala.meta.internal.inputs.InternalInput.lineToOffset(InternalInput.scala:37)
	at scala.meta.internal.inputs.InternalInput.lineToOffset$(InternalInput.scala:32)
	at scala.meta.inputs.Input$VirtualFile.lineToOffset(Input.scala:80)
	at scala.meta.inputs.Position$Range$.apply(Position.scala:59)
	at scala.meta.internal.mtags.MtagsEnrichments$XtensionPositionLspInverse.toMeta(MtagsEnrichments.scala:179)
	at scala.meta.internal.parsing.Trees.$anonfun$findLastEnclosingAt$4(Trees.scala:76)
	at scala.Option.flatMap(Option.scala:283)
	at scala.meta.internal.parsing.Trees.findLastEnclosingAt(Trees.scala:75)
	at scala.meta.internal.metals.codeactions.PatternMatchRefactor.contribute(PatternMatchRefactor.scala:96)
	at scala.meta.internal.metals.CodeActionProvider$$anonfun$1.applyOrElse(CodeActionProvider.scala:64)
	at scala.meta.internal.metals.CodeActionProvider$$anonfun$1.applyOrElse(CodeActionProvider.scala:63)
	at scala.collection.immutable.List.collect(List.scala:275)
	at scala.meta.internal.metals.CodeActionProvider.codeActions(CodeActionProvider.scala:63)
	at scala.meta.internal.metals.MetalsLanguageServer.$anonfun$codeAction$1(MetalsLanguageServer.scala:1649)
	at scala.meta.internal.metals.CancelTokens$.future(CancelTokens.scala:38)
	at scala.meta.internal.metals.MetalsLanguageServer.codeAction(MetalsLanguageServer.scala:1648)
	... 15 more

2022.06.21 16:20:07 WARN  no build target for: /home/kwpark/TSN_LAB/my_chisel_template/src/main/scala/FIFO/BubbleFifo.scala[0m
2022.06.21 16:20:39 WARN  no build target for: /home/kwpark/TSN_LAB/my_chisel_template/src/main/scala/FIFO/BubbleFifo.scala[0m
2022.06.21 16:21:23 WARN  no build target for: /home/kwpark/TSN_LAB/my_chisel_template/src/main/scala/FIFO/BubbleFifo.scala[0m
2022.06.21 16:21:46 WARN  no build target for: /home/kwpark/TSN_LAB/my_chisel_template/src/main/scala/FIFO/BubbleFifo.scala[0m
2022.06.21 16:22:34 WARN  no build target for: /home/kwpark/TSN_LAB/my_chisel_template/src/main/scala/FIFO/BubbleFifo.scala[0m
2022.06.21 16:22:54 WARN  no build target for: /home/kwpark/TSN_LAB/my_chisel_template/src/main/scala/FIFO/BubbleFifo.scala[0m
Jun 21, 2022 4:23:58 PM org.eclipse.lsp4j.jsonrpc.RemoteEndpoint handleCancellation
WARNING: Unmatched cancel notification for request id 215
2022.06.21 16:33:07 WARN  no build target for: /home/kwpark/TSN_LAB/my_chisel_template/src/test/scala/countertest.scala[0m
2022.06.21 16:33:52 WARN  no build target for: /home/kwpark/TSN_LAB/my_chisel_template/src/test/scala/countertest.scala[0m
2022.06.21 16:33:55 WARN  no build target for: /home/kwpark/TSN_LAB/my_chisel_template/src/test/scala/countertest.scala[0m
2022.06.21 16:34:15 WARN  no build target for: /home/kwpark/TSN_LAB/my_chisel_template/src/test/scala/FifoSpec.scala[0m
2022.06.21 16:59:41 WARN  no build target for: /home/kwpark/TSN_LAB/my_chisel_template/src/main/scala/FIFO/BubbleFifo.scala[0m
2022.06.21 17:01:17 WARN  no build target for: /home/kwpark/TSN_LAB/my_chisel_template/src/test/scala/FifoSpec.scala[0m
2022.06.21 17:01:46 WARN  no build target for: /home/kwpark/TSN_LAB/my_chisel_template/src/main/scala/FIFO/Fifo.scala[0m
2022.06.21 17:44:15 WARN  no build target for: /home/kwpark/TSN_LAB/my_chisel_template/src/test/scala/FifoSpec.scala[0m
2022.06.21 17:45:13 WARN  no build target for: /home/kwpark/TSN_LAB/my_chisel_template/src/test/scala/FifoSpec.scala[0m
Jun 22, 2022 9:59:05 AM org.eclipse.lsp4j.jsonrpc.RemoteEndpoint fallbackResponseError
SEVERE: Internal error: java.lang.reflect.InvocationTargetException
java.lang.RuntimeException: java.lang.reflect.InvocationTargetException
	at org.eclipse.lsp4j.jsonrpc.services.GenericEndpoint.lambda$null$0(GenericEndpoint.java:67)
	at org.eclipse.lsp4j.jsonrpc.services.GenericEndpoint.request(GenericEndpoint.java:120)
	at org.eclipse.lsp4j.jsonrpc.RemoteEndpoint.handleRequest(RemoteEndpoint.java:261)
	at org.eclipse.lsp4j.jsonrpc.RemoteEndpoint.consume(RemoteEndpoint.java:190)
	at org.eclipse.lsp4j.jsonrpc.json.StreamMessageProducer.handleMessage(StreamMessageProducer.java:194)
	at org.eclipse.lsp4j.jsonrpc.json.StreamMessageProducer.listen(StreamMessageProducer.java:94)
	at org.eclipse.lsp4j.jsonrpc.json.ConcurrentMessageProcessor.run(ConcurrentMessageProcessor.java:113)
	at java.util.concurrent.Executors$RunnableAdapter.call(Executors.java:511)
	at java.util.concurrent.FutureTask.run(FutureTask.java:266)
	at java.util.concurrent.ThreadPoolExecutor.runWorker(ThreadPoolExecutor.java:1149)
	at java.util.concurrent.ThreadPoolExecutor$Worker.run(ThreadPoolExecutor.java:624)
	at java.lang.Thread.run(Thread.java:748)
Caused by: java.lang.reflect.InvocationTargetException
	at sun.reflect.GeneratedMethodAccessor3.invoke(Unknown Source)
	at sun.reflect.DelegatingMethodAccessorImpl.invoke(DelegatingMethodAccessorImpl.java:43)
	at java.lang.reflect.Method.invoke(Method.java:498)
	at org.eclipse.lsp4j.jsonrpc.services.GenericEndpoint.lambda$null$0(GenericEndpoint.java:65)
	... 11 more
Caused by: java.lang.IllegalArgumentException: 90 is not a valid line number, allowed [0..56]
	at scala.meta.internal.inputs.InternalInput.lineToOffset(InternalInput.scala:37)
	at scala.meta.internal.inputs.InternalInput.lineToOffset$(InternalInput.scala:32)
	at scala.meta.inputs.Input$VirtualFile.lineToOffset(Input.scala:80)
	at scala.meta.inputs.Position$Range$.apply(Position.scala:59)
	at scala.meta.internal.mtags.MtagsEnrichments$XtensionPositionLspInverse.toMeta(MtagsEnrichments.scala:179)
	at scala.meta.internal.parsing.Trees.$anonfun$findLastEnclosingAt$4(Trees.scala:76)
	at scala.Option.flatMap(Option.scala:283)
	at scala.meta.internal.parsing.Trees.findLastEnclosingAt(Trees.scala:75)
	at scala.meta.internal.metals.codeactions.PatternMatchRefactor.contribute(PatternMatchRefactor.scala:96)
	at scala.meta.internal.metals.CodeActionProvider$$anonfun$1.applyOrElse(CodeActionProvider.scala:64)
	at scala.meta.internal.metals.CodeActionProvider$$anonfun$1.applyOrElse(CodeActionProvider.scala:63)
	at scala.collection.immutable.List.collect(List.scala:275)
	at scala.meta.internal.metals.CodeActionProvider.codeActions(CodeActionProvider.scala:63)
	at scala.meta.internal.metals.MetalsLanguageServer.$anonfun$codeAction$1(MetalsLanguageServer.scala:1649)
	at scala.meta.internal.metals.CancelTokens$.future(CancelTokens.scala:38)
	at scala.meta.internal.metals.MetalsLanguageServer.codeAction(MetalsLanguageServer.scala:1648)
	... 15 more

2022.06.22 15:18:15 WARN  no build target for: /home/kwpark/TSN_LAB/my_chisel_template/src/main/scala/FIFO/BubbleFifo.scala[0m
2022.06.22 15:50:47 WARN  no build target for: /home/kwpark/TSN_LAB/my_chisel_template/src/main/scala/FIFO/BubbleFifo.scala[0m
2022.06.22 15:55:16 WARN  no build target for: /home/kwpark/TSN_LAB/my_chisel_template/src/main/scala/FIFO/BubbleFifo.scala[0m
2022.06.22 15:55:17 WARN  no build target for: /home/kwpark/TSN_LAB/my_chisel_template/src/main/scala/FIFO/BubbleFifo.scala[0m
2022.06.22 15:57:38 WARN  no build target for: /home/kwpark/TSN_LAB/my_chisel_template/src/test/scala/FifoSpec.scala[0m
2022.06.22 15:57:46 WARN  no build target for: /home/kwpark/TSN_LAB/my_chisel_template/src/test/scala/FifoSpec.scala[0m
2022.06.22 15:57:52 WARN  no build target for: /home/kwpark/TSN_LAB/my_chisel_template/src/main/scala/FIFO/BubbleFifo.scala[0m
2022.06.22 15:57:57 WARN  no build target for: /home/kwpark/TSN_LAB/my_chisel_template/src/main/scala/FIFO/Fifo.scala[0m
Jun 22, 2022 4:00:41 PM org.eclipse.lsp4j.jsonrpc.RemoteEndpoint handleCancellation
WARNING: Unmatched cancel notification for request id 2006
Jun 22, 2022 4:00:46 PM org.eclipse.lsp4j.jsonrpc.RemoteEndpoint handleCancellation
WARNING: Unmatched cancel notification for request id 2016
2022.06.22 16:04:23 WARN  no build target for: /home/kwpark/TSN_LAB/my_chisel_template/src/main/scala/fifo.scala[0m
Jun 22, 2022 4:04:33 PM org.eclipse.lsp4j.jsonrpc.RemoteEndpoint handleCancellation
WARNING: Unmatched cancel notification for request id 2082
2022.06.22 16:08:08 WARN  no build target for: /home/kwpark/TSN_LAB/my_chisel_template/src/main/scala/fifo.scala[0m
2022.06.23 09:31:28 WARN  no build target for: /home/kwpark/TSN_LAB/my_chisel_template/src/main/scala/fifo.scala[0m
2022.06.23 14:29:31 WARN  no build target for: /home/kwpark/TSN_LAB/my_chisel_template/src/main/scala/fifo.scala[0m
2022.06.23 14:30:24 WARN  no build target for: /home/kwpark/TSN_LAB/my_chisel_template/src/main/scala/fifo.scala[0m
2022.06.23 14:33:14 WARN  no build target for: /home/kwpark/TSN_LAB/my_chisel_template/src/main/scala/fifo.scala[0m
2022.06.23 14:35:52 WARN  no build target for: /home/kwpark/TSN_LAB/my_chisel_template/src/main/scala/fifo.scala[0m
2022.06.23 14:37:28 WARN  no build target for: /home/kwpark/TSN_LAB/my_chisel_template/src/main/scala/fifo.scala[0m
2022.06.23 14:38:13 WARN  no build target for: /home/kwpark/TSN_LAB/my_chisel_template/src/main/scala/fifo.scala[0m
2022.06.23 15:14:20 WARN  no build target for: /home/kwpark/TSN_LAB/my_chisel_template/src/main/scala/fifo.scala[0m
2022.06.23 15:14:27 WARN  no build target for: /home/kwpark/TSN_LAB/my_chisel_template/src/main/scala/fifo.scala[0m
2022.06.23 15:17:19 WARN  no build target for: /home/kwpark/TSN_LAB/my_chisel_template/src/main/scala/fifo.scala[0m
Jun 23, 2022 3:52:40 PM org.eclipse.lsp4j.jsonrpc.services.GenericEndpoint notify
INFO: Unsupported notification method: $/setTrace
Jun 23, 2022 3:52:42 PM org.eclipse.lsp4j.jsonrpc.RemoteEndpoint handleCancellation
WARNING: Unmatched cancel notification for request id 3967
2022.06.23 16:11:26 WARN  no build target for: /home/kwpark/TSN_LAB/my_chisel_template/src/test/scala/FifoSpec.scala[0m
2022.06.23 16:17:37 WARN  no build target for: /home/kwpark/TSN_LAB/my_chisel_template/src/main/scala/fifo.scala[0m
2022.06.23 16:21:57 WARN  no build target for: /home/kwpark/TSN_LAB/my_chisel_template/src/test/scala/FifoSpec.scala[0m
2022.06.23 16:22:57 WARN  no build target for: /home/kwpark/TSN_LAB/my_chisel_template/src/test/scala/FifoSpec.scala[0m
2022.06.23 16:22:57 WARN  no build target for: /home/kwpark/TSN_LAB/my_chisel_template/src/test/scala/FifoSpec.scala[0m
2022.06.23 16:23:42 WARN  no build target for: /home/kwpark/TSN_LAB/my_chisel_template/src/test/scala/FifoSpec.scala[0m
2022.06.24 08:11:45 WARN  no build target for: /home/kwpark/TSN_LAB/my_chisel_template/src/main/scala/fifo.scala[0m
Jun 24, 2022 8:11:45 AM org.eclipse.lsp4j.jsonrpc.RemoteEndpoint fallbackResponseError
SEVERE: Internal error: scala.meta.internal.metals.debug.BuildTargetNotFoundForPathException: No build target could be found for the path: /home/kwpark/TSN_LAB/my_chisel_template/src/main/scala/fifo.scala
java.util.concurrent.CompletionException: scala.meta.internal.metals.debug.BuildTargetNotFoundForPathException: No build target could be found for the path: /home/kwpark/TSN_LAB/my_chisel_template/src/main/scala/fifo.scala
	at java.util.concurrent.CompletableFuture.encodeThrowable(CompletableFuture.java:292)
	at java.util.concurrent.CompletableFuture.completeThrowable(CompletableFuture.java:308)
	at java.util.concurrent.CompletableFuture.uniAccept(CompletableFuture.java:661)
	at java.util.concurrent.CompletableFuture$UniAccept.tryFire(CompletableFuture.java:646)
	at java.util.concurrent.CompletableFuture.uniAcceptStage(CompletableFuture.java:686)
	at java.util.concurrent.CompletableFuture.thenAcceptAsync(CompletableFuture.java:2014)
	at scala.concurrent.java8.FuturesConvertersImpl$CF.thenAccept(FutureConvertersImpl.scala:37)
	at org.eclipse.lsp4j.jsonrpc.RemoteEndpoint.handleRequest(RemoteEndpoint.java:279)
	at org.eclipse.lsp4j.jsonrpc.RemoteEndpoint.consume(RemoteEndpoint.java:190)
	at org.eclipse.lsp4j.jsonrpc.json.StreamMessageProducer.handleMessage(StreamMessageProducer.java:194)
	at org.eclipse.lsp4j.jsonrpc.json.StreamMessageProducer.listen(StreamMessageProducer.java:94)
	at org.eclipse.lsp4j.jsonrpc.json.ConcurrentMessageProcessor.run(ConcurrentMessageProcessor.java:113)
	at java.util.concurrent.Executors$RunnableAdapter.call(Executors.java:511)
	at java.util.concurrent.FutureTask.run(FutureTask.java:266)
	at java.util.concurrent.ThreadPoolExecutor.runWorker(ThreadPoolExecutor.java:1149)
	at java.util.concurrent.ThreadPoolExecutor$Worker.run(ThreadPoolExecutor.java:624)
	at java.lang.Thread.run(Thread.java:748)
Caused by: scala.meta.internal.metals.debug.BuildTargetNotFoundForPathException: No build target could be found for the path: /home/kwpark/TSN_LAB/my_chisel_template/src/main/scala/fifo.scala
	at scala.meta.internal.metals.debug.DebugProvider.debugDiscovery(DebugProvider.scala:398)
	at scala.meta.internal.metals.MetalsLanguageServer.executeCommand(MetalsLanguageServer.scala:1863)
	at sun.reflect.NativeMethodAccessorImpl.invoke0(Native Method)
	at sun.reflect.NativeMethodAccessorImpl.invoke(NativeMethodAccessorImpl.java:62)
	at sun.reflect.DelegatingMethodAccessorImpl.invoke(DelegatingMethodAccessorImpl.java:43)
	at java.lang.reflect.Method.invoke(Method.java:498)
	at org.eclipse.lsp4j.jsonrpc.services.GenericEndpoint.lambda$null$0(GenericEndpoint.java:65)
	at org.eclipse.lsp4j.jsonrpc.services.GenericEndpoint.request(GenericEndpoint.java:120)
	at org.eclipse.lsp4j.jsonrpc.RemoteEndpoint.handleRequest(RemoteEndpoint.java:261)
	... 9 more

2022.06.24 08:14:07 WARN  no build target for: /home/kwpark/TSN_LAB/my_chisel_template/src/main/scala/fifo.scala[0m
2022.06.24 08:14:24 WARN  no build target for: /home/kwpark/TSN_LAB/my_chisel_template/src/main/scala/fifo.scala[0m
2022.06.24 08:15:13 WARN  no build target for: /home/kwpark/TSN_LAB/my_chisel_template/src/main/scala/fifo.scala[0m
2022.06.24 08:32:13 WARN  no build target for: /home/kwpark/TSN_LAB/my_chisel_template/src/main/scala/fifo.scala[0m
2022.06.24 08:43:25 WARN  no build target for: /home/kwpark/TSN_LAB/my_chisel_template/src/main/scala/fifo.scala[0m
